Determining if the pthread_create exist failed with the following output:
Change Dir: /home/skpro19/catkin_ws/src/my_global_planner/build/CMakeFiles/CMakeTmp

Run Build Command:"/usr/bin/make" "cmTC_73aa9/fast"
/usr/bin/make -f CMakeFiles/cmTC_73aa9.dir/build.make CMakeFiles/cmTC_73aa9.dir/build
make[1]: Entering directory '/home/skpro19/catkin_ws/src/my_global_planner/build/CMakeFiles/CMakeTmp'
Building C object CMakeFiles/cmTC_73aa9.dir/CheckSymbolExists.c.o
/usr/bin/x86_64-linux-gnu-gcc-7    -o CMakeFiles/cmTC_73aa9.dir/CheckSymbolExists.c.o   -c /home/skpro19/catkin_ws/src/my_global_planner/build/CMakeFiles/CMakeTmp/CheckSymbolExists.c
Linking C executable cmTC_73aa9
/usr/bin/cmake -E cmake_link_script CMakeFiles/cmTC_73aa9.dir/link.txt --verbose=1
/usr/bin/x86_64-linux-gnu-gcc-7      -rdynamic CMakeFiles/cmTC_73aa9.dir/CheckSymbolExists.c.o  -o cmTC_73aa9 
CMakeFiles/cmTC_73aa9.dir/CheckSymbolExists.c.o: In function `main':
CheckSymbolExists.c:(.text+0x1b): undefined reference to `pthread_create'
collect2: error: ld returned 1 exit status
CMakeFiles/cmTC_73aa9.dir/build.make:97: recipe for target 'cmTC_73aa9' failed
make[1]: *** [cmTC_73aa9] Error 1
make[1]: Leaving directory '/home/skpro19/catkin_ws/src/my_global_planner/build/CMakeFiles/CMakeTmp'
Makefile:126: recipe for target 'cmTC_73aa9/fast' failed
make: *** [cmTC_73aa9/fast] Error 2

File /home/skpro19/catkin_ws/src/my_global_planner/build/CMakeFiles/CMakeTmp/CheckSymbolExists.c:
/* */
#include <pthread.h>

int main(int argc, char** argv)
{
  (void)argv;
#ifndef pthread_create
  return ((int*)(&pthread_create))[argc];
#else
  (void)argc;
  return 0;
#endif
}

Determining if the function pthread_create exists in the pthreads failed with the following output:
Change Dir: /home/skpro19/catkin_ws/src/my_global_planner/build/CMakeFiles/CMakeTmp

Run Build Command:"/usr/bin/make" "cmTC_588b7/fast"
/usr/bin/make -f CMakeFiles/cmTC_588b7.dir/build.make CMakeFiles/cmTC_588b7.dir/build
make[1]: Entering directory '/home/skpro19/catkin_ws/src/my_global_planner/build/CMakeFiles/CMakeTmp'
Building C object CMakeFiles/cmTC_588b7.dir/CheckFunctionExists.c.o
/usr/bin/x86_64-linux-gnu-gcc-7   -DCHECK_FUNCTION_EXISTS=pthread_create   -o CMakeFiles/cmTC_588b7.dir/CheckFunctionExists.c.o   -c /usr/share/cmake-3.10/Modules/CheckFunctionExists.c
Linking C executable cmTC_588b7
/usr/bin/cmake -E cmake_link_script CMakeFiles/cmTC_588b7.dir/link.txt --verbose=1
/usr/bin/x86_64-linux-gnu-gcc-7  -DCHECK_FUNCTION_EXISTS=pthread_create    -rdynamic CMakeFiles/cmTC_588b7.dir/CheckFunctionExists.c.o  -o cmTC_588b7 -lpthreads 
/usr/bin/ld: cannot find -lpthreads
collect2: error: ld returned 1 exit status
CMakeFiles/cmTC_588b7.dir/build.make:97: recipe for target 'cmTC_588b7' failed
make[1]: *** [cmTC_588b7] Error 1
make[1]: Leaving directory '/home/skpro19/catkin_ws/src/my_global_planner/build/CMakeFiles/CMakeTmp'
Makefile:126: recipe for target 'cmTC_588b7/fast' failed
make: *** [cmTC_588b7/fast] Error 2


